{"level":"error","message":"Error occurred during update users in redis: Error: Can't add new command when connection is in closed state","timestamp":"2025-01-16T04:43:35.231Z"}
{"level":"error","message":"Error occurred during update users in redis: Error: Can't add new command when connection is in closed state","timestamp":"2025-01-16T05:11:39.787Z"}
{"level":"error","message":"Error occurred during Dialer History retrieval: TypeError: Promise.all(...).reverse is not a function","timestamp":"2025-01-20T10:19:41.960Z"}
{"level":"error","message":"Error occurred during Dialer History retrieval: responseArray is not defined","timestamp":"2025-01-20T12:32:10.387Z"}
{"level":"error","message":"Error occurred during Dialer History retrieval: responseArray is not defined","timestamp":"2025-01-20T12:33:36.743Z"}
{"level":"error","message":"Error occurred during Dialer History retrieval: webDialer.phoneAddress is not a function","timestamp":"2025-01-21T07:31:38.605Z"}
{"level":"error","message":"Error occurred during Dialer History retrieval: Unexpected token 'e', \"email:1007\"... is not valid JSON","timestamp":"2025-01-21T07:47:33.378Z"}
{"level":"error","message":"Error occurred during Dialer History retrieval: Unexpected end of JSON input","timestamp":"2025-01-21T08:21:26.384Z"}
{"level":"error","message":"Error occurred during Dialer History retrieval: Unexpected end of JSON input","timestamp":"2025-01-21T08:23:10.289Z"}
{"level":"error","message":"Error occurred during Dialer History retrieval: Unexpected end of JSON input","timestamp":"2025-01-21T08:24:12.719Z"}
{"level":"error","message":"Error occurred during Dialer History retrieval: ERR wrong number of arguments for 'hget' command","timestamp":"2025-01-21T08:38:51.770Z"}
{"level":"error","message":"Error occurred during Dialer History retrieval: tenantId is not defined","timestamp":"2025-01-21T12:40:40.327Z"}
{"level":"error","message":"Error occurred during Dialer History retrieval: tenantId1 is not defined","timestamp":"2025-01-21T12:52:15.587Z"}
{"level":"error","message":"Error occurred during Dialer History retrieval: Cannot access 'tenantId' before initialization","timestamp":"2025-01-21T12:53:06.230Z"}
{"level":"error","message":"Error occurred during Dialer History retrieval: Cannot access 'tenantId' before initialization","timestamp":"2025-01-21T12:53:26.854Z"}
{"level":"error","message":"Error occurred during Dialer History retrieval: tenantId1 is not defined","timestamp":"2025-01-21T12:53:49.419Z"}
{"level":"error","message":"Error occurred during Dialer History retrieval: tenantId1 is not defined","timestamp":"2025-01-21T12:54:58.172Z"}
{"level":"error","message":"Error occurred while adding favorites: \"[object Object]\" is not valid JSON","timestamp":"2025-01-29T05:56:57.378Z"}
{"level":"error","message":"Error occurred while adding favorites: \"[object Object]\" is not valid JSON","timestamp":"2025-01-29T05:58:32.509Z"}
{"level":"error","message":"Error occurred while adding favorites: \"[object Object]\" is not valid JSON","timestamp":"2025-01-29T05:58:51.943Z"}
{"level":"error","message":"Error occurred while adding favorites: \"[object Object]\" is not valid JSON","timestamp":"2025-01-29T05:59:06.929Z"}
{"level":"error","message":"Error occurred while adding favorites: \"[object Object]\" is not valid JSON","timestamp":"2025-01-29T05:59:27.767Z"}
{"level":"error","message":"Error occurred while adding favorites: \"[object Object]\" is not valid JSON","timestamp":"2025-01-29T05:59:57.333Z"}
{"level":"error","message":"Error occurred while adding favorites: \"[object Object]\" is not valid JSON","timestamp":"2025-01-29T06:00:23.951Z"}
{"level":"error","message":"Error occurred while adding favorites: \"[object Object]\" is not valid JSON","timestamp":"2025-01-29T06:00:58.118Z"}
{"level":"error","message":"Error occurred while adding favorites: \"[object Object]\" is not valid JSON","timestamp":"2025-01-29T06:01:17.522Z"}
{"level":"error","message":"Error occurred while adding favorites: \"[object Object]\" is not valid JSON","timestamp":"2025-01-29T06:02:10.189Z"}
{"level":"error","message":"Error occurred while adding favorites: \"[object Object]\" is not valid JSON","timestamp":"2025-01-29T06:03:52.583Z"}
{"level":"error","message":"Error occurred while fetching customer call count: Cannot read properties of null (reading 'date')","timestamp":"2025-02-03T05:12:36.434Z"}
{"level":"error","message":"Error occurred while fetching customer call count: Cannot read properties of null (reading 'date')","timestamp":"2025-02-03T05:15:19.590Z"}
{"level":"error","message":"Error occurred while fetching customer call count: dateString.substring is not a function","timestamp":"2025-02-04T03:38:36.937Z"}
{"level":"error","message":"Error occurred while fetching customer call count: dateString.substring is not a function","timestamp":"2025-02-04T03:38:38.847Z"}
{"level":"error","message":"Error occurred while fetching customer call count: dateString.substring is not a function","timestamp":"2025-02-04T03:39:21.162Z"}
{"level":"error","message":"Error occurred during login: ReferenceError: fsDomain is not defined","timestamp":"2025-02-04T06:05:49.875Z"}
{"level":"error","message":"Error parsing Redis data: \"[object Object]\" is not valid JSON","timestamp":"2025-02-05T11:14:47.901Z"}
{"level":"error","message":"Error parsing Redis data: \"[object Object]\" is not valid JSON","timestamp":"2025-02-05T11:15:44.528Z"}
{"level":"error","message":"Error parsing Redis data: \"[object Object]\" is not valid JSON","timestamp":"2025-02-05T11:16:38.551Z"}
{"level":"error","message":"Error parsing Redis data: \"[object Object]\" is not valid JSON","timestamp":"2025-02-05T11:17:08.030Z"}
{"level":"error","message":"Error parsing Redis data: \"[object Object]\" is not valid JSON","timestamp":"2025-02-05T11:18:21.279Z"}
{"level":"error","message":"Error parsing Redis data: \"[object Object]\" is not valid JSON","timestamp":"2025-02-05T11:18:33.787Z"}
{"level":"error","message":"Error parsing Redis data: \"[object Object]\" is not valid JSON","timestamp":"2025-02-05T11:19:16.962Z"}
{"level":"error","message":"Error parsing Redis data: \"[object Object]\" is not valid JSON","timestamp":"2025-02-05T12:13:42.801Z"}
{"level":"error","message":"Error fetching presence status: ERR wrong number of arguments for 'hget' command","timestamp":"2025-02-06T03:42:23.629Z"}
{"level":"error","message":"Error fetching presence status: ERR wrong number of arguments for 'hget' command","timestamp":"2025-02-06T03:43:42.101Z"}
{"level":"error","message":"Error fetching presence status: ERR wrong number of arguments for 'hget' command","timestamp":"2025-02-06T03:43:51.356Z"}
{"level":"error","message":"Error fetching presence status: ERR wrong number of arguments for 'hget' command","timestamp":"2025-02-06T03:44:13.016Z"}
{"level":"error","message":"Error fetching presence status: ERR wrong number of arguments for 'hget' command","timestamp":"2025-02-06T05:50:32.228Z"}
{"level":"error","message":"Error fetching presence status: Cannot convert undefined or null to object","timestamp":"2025-02-06T06:06:26.003Z"}
{"level":"error","message":"Error fetching presence status: redisCallData.HGET is not a function","timestamp":"2025-02-06T06:10:54.302Z"}
{"level":"error","message":"Error fetching presence status: redisCallData.HGET is not a function","timestamp":"2025-02-06T06:14:04.014Z"}
{"level":"error","message":"Error fetching presence status: ERR wrong number of arguments for 'hget' command","timestamp":"2025-02-06T06:18:45.785Z"}
{"level":"error","message":"Error fetching presence status: ERR wrong number of arguments for 'hget' command","timestamp":"2025-02-06T06:19:08.859Z"}
{"level":"error","message":"Error fetching presence status: ERR wrong number of arguments for 'hget' command","timestamp":"2025-02-06T06:19:25.233Z"}
{"level":"error","message":"Error fetching presence status: ERR wrong number of arguments for 'hget' command","timestamp":"2025-02-06T06:24:08.702Z"}
{"level":"error","message":"Error fetching presence status: redisCallData.HGET is not a function","timestamp":"2025-02-06T06:30:58.462Z"}
{"level":"error","message":"Error fetching presence status: redisCallData.HGET is not a function","timestamp":"2025-02-06T06:32:43.901Z"}
{"level":"error","message":"Error occurred while fetching customer call count: redisCallData.get is not a function","timestamp":"2025-02-10T06:13:58.959Z"}
{"level":"error","message":"Error occurred while fetching customer call count: redisClient.get is not a function","timestamp":"2025-02-10T06:15:34.940Z"}
{"level":"error","message":"Error occurred while fetching customer call count: redisClient.get is not a function","timestamp":"2025-02-10T06:15:36.458Z"}
{"level":"error","message":"Error occurred while fetching customer call count: redisClient.get is not a function","timestamp":"2025-02-10T06:15:38.076Z"}
{"level":"error","message":"Error occurred while fetching customer call count: redisClient.get is not a function","timestamp":"2025-02-10T06:19:19.733Z"}
{"level":"error","message":"Error occurred while fetching customer call count: redisCallData.get is not a function","timestamp":"2025-02-10T06:20:47.149Z"}
{"level":"error","message":"Error occurred while fetching customer call count: Cannot read properties of undefined (reading 'get')","timestamp":"2025-02-10T06:23:09.088Z"}
{"level":"error","message":"Error occurred while fetching customer call count: Cannot read properties of undefined (reading 'get')","timestamp":"2025-02-10T06:23:11.055Z"}
{"level":"error","message":"Error occurred during Dialer History retrieval: groupedData is not defined","timestamp":"2025-02-10T09:25:50.289Z"}
{"level":"error","message":"Error occurred during Dialer History retrieval: groupedData is not defined","timestamp":"2025-02-10T09:25:54.007Z"}
